<?xml version="1.0" encoding="UTF-8"?>
<testsuite name="com.finmid.bank.Transaction.TransactionControllerTest" tests="0" skipped="0" failures="0" errors="0" timestamp="1970-01-01T00:00:00" hostname="Nathanyels-MBP.fritz.box" time="0.0">
  <properties/>
  <system-out><![CDATA[2022-12-15 19:18:09.701  INFO 69176 --- [    Test worker] o.s.t.c.support.AbstractContextLoader    : Could not detect default resource locations for test class [com.finmid.bank.Transaction.TransactionControllerTest]: no resource found for suffixes {-context.xml, Context.groovy}.
2022-12-15 19:18:09.703  INFO 69176 --- [    Test worker] b.t.a.w.r.WebFluxTestContextBootstrapper : Loaded default TestExecutionListener class names from location [META-INF/spring.factories]: [com.ninjasquad.springmockk.MockkTestExecutionListener, com.ninjasquad.springmockk.ClearMocksTestExecutionListener, org.springframework.boot.test.autoconfigure.restdocs.RestDocsTestExecutionListener, org.springframework.boot.test.autoconfigure.web.client.MockRestServiceServerResetTestExecutionListener, org.springframework.boot.test.autoconfigure.web.servlet.MockMvcPrintOnlyOnFailureTestExecutionListener, org.springframework.boot.test.autoconfigure.web.servlet.WebDriverTestExecutionListener, org.springframework.boot.test.autoconfigure.webservices.client.MockWebServiceServerTestExecutionListener, org.springframework.boot.test.mock.mockito.MockitoTestExecutionListener, org.springframework.boot.test.mock.mockito.ResetMocksTestExecutionListener, org.springframework.test.context.web.ServletTestExecutionListener, org.springframework.test.context.support.DirtiesContextBeforeModesTestExecutionListener, org.springframework.test.context.event.ApplicationEventsTestExecutionListener, org.springframework.test.context.support.DependencyInjectionTestExecutionListener, org.springframework.test.context.support.DirtiesContextTestExecutionListener, org.springframework.test.context.transaction.TransactionalTestExecutionListener, org.springframework.test.context.jdbc.SqlScriptsTestExecutionListener, org.springframework.test.context.event.EventPublishingTestExecutionListener]
2022-12-15 19:18:09.703  INFO 69176 --- [    Test worker] b.t.a.w.r.WebFluxTestContextBootstrapper : Using TestExecutionListeners: [org.springframework.test.context.web.ServletTestExecutionListener@4a45ff31, org.springframework.test.context.support.DirtiesContextBeforeModesTestExecutionListener@7af7c9aa, org.springframework.test.context.event.ApplicationEventsTestExecutionListener@208b8425, com.ninjasquad.springmockk.MockkTestExecutionListener@3ec52163, org.springframework.boot.test.mock.mockito.MockitoTestExecutionListener@5b1cedfd, org.springframework.boot.test.autoconfigure.SpringBootDependencyInjectionTestExecutionListener@1fe2c5ad, org.springframework.test.context.support.DirtiesContextTestExecutionListener@6334c0d8, org.springframework.test.context.transaction.TransactionalTestExecutionListener@74ed3be4, org.springframework.test.context.jdbc.SqlScriptsTestExecutionListener@48224381, org.springframework.test.context.event.EventPublishingTestExecutionListener@41e43885, com.ninjasquad.springmockk.ClearMocksTestExecutionListener@4131261, org.springframework.boot.test.autoconfigure.restdocs.RestDocsTestExecutionListener@193c3b1c, org.springframework.boot.test.autoconfigure.web.client.MockRestServiceServerResetTestExecutionListener@43d84df1, org.springframework.boot.test.autoconfigure.web.servlet.MockMvcPrintOnlyOnFailureTestExecutionListener@2318651f, org.springframework.boot.test.autoconfigure.web.servlet.WebDriverTestExecutionListener@3f04fb07, org.springframework.boot.test.autoconfigure.webservices.client.MockWebServiceServerTestExecutionListener@4718d320, org.springframework.boot.test.mock.mockito.ResetMocksTestExecutionListener@46aea9f7]
]]></system-out>
  <system-err><![CDATA[]]></system-err>
</testsuite>
