<?xml version="1.0" encoding="UTF-8"?>
<testsuite name="com.finmid.bank.Account.AccountControllerTest$UpdateAccount" tests="0" skipped="0" failures="0" errors="0" timestamp="1970-01-01T00:00:00" hostname="Nathanyels-MBP.fritz.box" time="0.0">
  <properties/>
  <system-out><![CDATA[2022-12-15 19:18:09.622  INFO 69176 --- [    Test worker] o.s.t.c.support.AbstractContextLoader    : Could not detect default resource locations for test class [com.finmid.bank.Account.AccountControllerTest]: no resource found for suffixes {-context.xml, Context.groovy}.
2022-12-15 19:18:09.625  INFO 69176 --- [    Test worker] b.t.a.w.r.WebFluxTestContextBootstrapper : Loaded default TestExecutionListener class names from location [META-INF/spring.factories]: [com.ninjasquad.springmockk.MockkTestExecutionListener, com.ninjasquad.springmockk.ClearMocksTestExecutionListener, org.springframework.boot.test.autoconfigure.restdocs.RestDocsTestExecutionListener, org.springframework.boot.test.autoconfigure.web.client.MockRestServiceServerResetTestExecutionListener, org.springframework.boot.test.autoconfigure.web.servlet.MockMvcPrintOnlyOnFailureTestExecutionListener, org.springframework.boot.test.autoconfigure.web.servlet.WebDriverTestExecutionListener, org.springframework.boot.test.autoconfigure.webservices.client.MockWebServiceServerTestExecutionListener, org.springframework.boot.test.mock.mockito.MockitoTestExecutionListener, org.springframework.boot.test.mock.mockito.ResetMocksTestExecutionListener, org.springframework.test.context.web.ServletTestExecutionListener, org.springframework.test.context.support.DirtiesContextBeforeModesTestExecutionListener, org.springframework.test.context.event.ApplicationEventsTestExecutionListener, org.springframework.test.context.support.DependencyInjectionTestExecutionListener, org.springframework.test.context.support.DirtiesContextTestExecutionListener, org.springframework.test.context.transaction.TransactionalTestExecutionListener, org.springframework.test.context.jdbc.SqlScriptsTestExecutionListener, org.springframework.test.context.event.EventPublishingTestExecutionListener]
2022-12-15 19:18:09.626  INFO 69176 --- [    Test worker] b.t.a.w.r.WebFluxTestContextBootstrapper : Using TestExecutionListeners: [org.springframework.test.context.web.ServletTestExecutionListener@1ac2829e, org.springframework.test.context.support.DirtiesContextBeforeModesTestExecutionListener@7a7f2247, org.springframework.test.context.event.ApplicationEventsTestExecutionListener@4946dfde, com.ninjasquad.springmockk.MockkTestExecutionListener@77972964, org.springframework.boot.test.mock.mockito.MockitoTestExecutionListener@794f937a, org.springframework.boot.test.autoconfigure.SpringBootDependencyInjectionTestExecutionListener@7aa1fb0e, org.springframework.test.context.support.DirtiesContextTestExecutionListener@5e663ab, org.springframework.test.context.transaction.TransactionalTestExecutionListener@4b74a67a, org.springframework.test.context.jdbc.SqlScriptsTestExecutionListener@4e25282d, org.springframework.test.context.event.EventPublishingTestExecutionListener@3b29d36c, com.ninjasquad.springmockk.ClearMocksTestExecutionListener@d641499, org.springframework.boot.test.autoconfigure.restdocs.RestDocsTestExecutionListener@634d3439, org.springframework.boot.test.autoconfigure.web.client.MockRestServiceServerResetTestExecutionListener@44e0c3d, org.springframework.boot.test.autoconfigure.web.servlet.MockMvcPrintOnlyOnFailureTestExecutionListener@71891d6b, org.springframework.boot.test.autoconfigure.web.servlet.WebDriverTestExecutionListener@5ce41f1f, org.springframework.boot.test.autoconfigure.webservices.client.MockWebServiceServerTestExecutionListener@56820446, org.springframework.boot.test.mock.mockito.ResetMocksTestExecutionListener@2259d54f]
]]></system-out>
  <system-err><![CDATA[]]></system-err>
</testsuite>
