<?xml version="1.0" encoding="UTF-8"?>
<testsuite name="com.finmid.bank.Account.AccountControllerTest$UpdateAccount$Exception" tests="2" skipped="0" failures="0" errors="0" timestamp="2022-12-15T18:18:09" hostname="Nathanyels-MBP.fritz.box" time="0.01">
  <properties/>
  <testcase name="should return not found when account not exist()" classname="com.finmid.bank.Account.AccountControllerTest$UpdateAccount$Exception" time="0.005"/>
  <testcase name="should return bad request when balance is set as negative()" classname="com.finmid.bank.Account.AccountControllerTest$UpdateAccount$Exception" time="0.004"/>
  <system-out><![CDATA[2022-12-15 19:18:09.643  INFO 69176 --- [    Test worker] o.s.t.c.support.AbstractContextLoader    : Could not detect default resource locations for test class [com.finmid.bank.Account.AccountControllerTest]: no resource found for suffixes {-context.xml, Context.groovy}.
2022-12-15 19:18:09.645  INFO 69176 --- [    Test worker] b.t.a.w.r.WebFluxTestContextBootstrapper : Loaded default TestExecutionListener class names from location [META-INF/spring.factories]: [com.ninjasquad.springmockk.MockkTestExecutionListener, com.ninjasquad.springmockk.ClearMocksTestExecutionListener, org.springframework.boot.test.autoconfigure.restdocs.RestDocsTestExecutionListener, org.springframework.boot.test.autoconfigure.web.client.MockRestServiceServerResetTestExecutionListener, org.springframework.boot.test.autoconfigure.web.servlet.MockMvcPrintOnlyOnFailureTestExecutionListener, org.springframework.boot.test.autoconfigure.web.servlet.WebDriverTestExecutionListener, org.springframework.boot.test.autoconfigure.webservices.client.MockWebServiceServerTestExecutionListener, org.springframework.boot.test.mock.mockito.MockitoTestExecutionListener, org.springframework.boot.test.mock.mockito.ResetMocksTestExecutionListener, org.springframework.test.context.web.ServletTestExecutionListener, org.springframework.test.context.support.DirtiesContextBeforeModesTestExecutionListener, org.springframework.test.context.event.ApplicationEventsTestExecutionListener, org.springframework.test.context.support.DependencyInjectionTestExecutionListener, org.springframework.test.context.support.DirtiesContextTestExecutionListener, org.springframework.test.context.transaction.TransactionalTestExecutionListener, org.springframework.test.context.jdbc.SqlScriptsTestExecutionListener, org.springframework.test.context.event.EventPublishingTestExecutionListener]
2022-12-15 19:18:09.646  INFO 69176 --- [    Test worker] b.t.a.w.r.WebFluxTestContextBootstrapper : Using TestExecutionListeners: [org.springframework.test.context.web.ServletTestExecutionListener@400d1c30, org.springframework.test.context.support.DirtiesContextBeforeModesTestExecutionListener@3b9a2629, org.springframework.test.context.event.ApplicationEventsTestExecutionListener@50aa9a91, com.ninjasquad.springmockk.MockkTestExecutionListener@663e1144, org.springframework.boot.test.mock.mockito.MockitoTestExecutionListener@4efa7d2f, org.springframework.boot.test.autoconfigure.SpringBootDependencyInjectionTestExecutionListener@24bba1b7, org.springframework.test.context.support.DirtiesContextTestExecutionListener@2041c9a3, org.springframework.test.context.transaction.TransactionalTestExecutionListener@36e358de, org.springframework.test.context.jdbc.SqlScriptsTestExecutionListener@2bed5828, org.springframework.test.context.event.EventPublishingTestExecutionListener@52a2e2fb, com.ninjasquad.springmockk.ClearMocksTestExecutionListener@7c0035dd, org.springframework.boot.test.autoconfigure.restdocs.RestDocsTestExecutionListener@5089a72b, org.springframework.boot.test.autoconfigure.web.client.MockRestServiceServerResetTestExecutionListener@1164990a, org.springframework.boot.test.autoconfigure.web.servlet.MockMvcPrintOnlyOnFailureTestExecutionListener@549404e7, org.springframework.boot.test.autoconfigure.web.servlet.WebDriverTestExecutionListener@29c76d75, org.springframework.boot.test.autoconfigure.webservices.client.MockWebServiceServerTestExecutionListener@346a2799, org.springframework.boot.test.mock.mockito.ResetMocksTestExecutionListener@17344d7]
]]></system-out>
  <system-err><![CDATA[]]></system-err>
</testsuite>
