<?xml version="1.0" encoding="UTF-8"?>
<testsuite name="com.finmid.bank.Account.AccountControllerTest$CreateAccount$Exception" tests="1" skipped="0" failures="0" errors="0" timestamp="2022-12-15T18:18:09" hostname="Nathanyels-MBP.fritz.box" time="0.043">
  <properties/>
  <testcase name="should return bad request when balance is set as negative()" classname="com.finmid.bank.Account.AccountControllerTest$CreateAccount$Exception" time="0.043"/>
  <system-out><![CDATA[2022-12-15 19:18:09.491  INFO 69176 --- [    Test worker] o.s.t.c.support.AbstractContextLoader    : Could not detect default resource locations for test class [com.finmid.bank.Account.AccountControllerTest]: no resource found for suffixes {-context.xml, Context.groovy}.
2022-12-15 19:18:09.496  INFO 69176 --- [    Test worker] b.t.a.w.r.WebFluxTestContextBootstrapper : Loaded default TestExecutionListener class names from location [META-INF/spring.factories]: [com.ninjasquad.springmockk.MockkTestExecutionListener, com.ninjasquad.springmockk.ClearMocksTestExecutionListener, org.springframework.boot.test.autoconfigure.restdocs.RestDocsTestExecutionListener, org.springframework.boot.test.autoconfigure.web.client.MockRestServiceServerResetTestExecutionListener, org.springframework.boot.test.autoconfigure.web.servlet.MockMvcPrintOnlyOnFailureTestExecutionListener, org.springframework.boot.test.autoconfigure.web.servlet.WebDriverTestExecutionListener, org.springframework.boot.test.autoconfigure.webservices.client.MockWebServiceServerTestExecutionListener, org.springframework.boot.test.mock.mockito.MockitoTestExecutionListener, org.springframework.boot.test.mock.mockito.ResetMocksTestExecutionListener, org.springframework.test.context.web.ServletTestExecutionListener, org.springframework.test.context.support.DirtiesContextBeforeModesTestExecutionListener, org.springframework.test.context.event.ApplicationEventsTestExecutionListener, org.springframework.test.context.support.DependencyInjectionTestExecutionListener, org.springframework.test.context.support.DirtiesContextTestExecutionListener, org.springframework.test.context.transaction.TransactionalTestExecutionListener, org.springframework.test.context.jdbc.SqlScriptsTestExecutionListener, org.springframework.test.context.event.EventPublishingTestExecutionListener]
2022-12-15 19:18:09.497  INFO 69176 --- [    Test worker] b.t.a.w.r.WebFluxTestContextBootstrapper : Using TestExecutionListeners: [org.springframework.test.context.web.ServletTestExecutionListener@61c145cb, org.springframework.test.context.support.DirtiesContextBeforeModesTestExecutionListener@153409b8, org.springframework.test.context.event.ApplicationEventsTestExecutionListener@511bfbb0, com.ninjasquad.springmockk.MockkTestExecutionListener@79ee779c, org.springframework.boot.test.mock.mockito.MockitoTestExecutionListener@126a9a77, org.springframework.boot.test.autoconfigure.SpringBootDependencyInjectionTestExecutionListener@27a6384b, org.springframework.test.context.support.DirtiesContextTestExecutionListener@29ee8174, org.springframework.test.context.transaction.TransactionalTestExecutionListener@23365142, org.springframework.test.context.jdbc.SqlScriptsTestExecutionListener@6549ce71, org.springframework.test.context.event.EventPublishingTestExecutionListener@733bd6f3, com.ninjasquad.springmockk.ClearMocksTestExecutionListener@2e030cc1, org.springframework.boot.test.autoconfigure.restdocs.RestDocsTestExecutionListener@3f2ef402, org.springframework.boot.test.autoconfigure.web.client.MockRestServiceServerResetTestExecutionListener@14bf9fd0, org.springframework.boot.test.autoconfigure.web.servlet.MockMvcPrintOnlyOnFailureTestExecutionListener@391e5ffa, org.springframework.boot.test.autoconfigure.web.servlet.WebDriverTestExecutionListener@f4d391c, org.springframework.boot.test.autoconfigure.webservices.client.MockWebServiceServerTestExecutionListener@470b5213, org.springframework.boot.test.mock.mockito.ResetMocksTestExecutionListener@2fa2143d]
]]></system-out>
  <system-err><![CDATA[]]></system-err>
</testsuite>
