<?xml version="1.0" encoding="UTF-8"?>
<testsuite name="com.finmid.bank.Transaction.TransactionControllerTest$TransferFails" tests="5" skipped="0" failures="0" errors="0" timestamp="2022-12-15T18:18:09" hostname="Nathanyels-MBP.fritz.box" time="0.029">
  <properties/>
  <testcase name="should return bad request in case of not money avaliable in the account()" classname="com.finmid.bank.Transaction.TransactionControllerTest$TransferFails" time="0.008"/>
  <testcase name="should return bad request in case of negative value()" classname="com.finmid.bank.Transaction.TransactionControllerTest$TransferFails" time="0.004"/>
  <testcase name="should return not found in case of invalid destinatary account()" classname="com.finmid.bank.Transaction.TransactionControllerTest$TransferFails" time="0.005"/>
  <testcase name="should return bad request in case of to and from are the same account()" classname="com.finmid.bank.Transaction.TransactionControllerTest$TransferFails" time="0.003"/>
  <testcase name="should return not found in case of invalid origin account()" classname="com.finmid.bank.Transaction.TransactionControllerTest$TransferFails" time="0.006"/>
  <system-out><![CDATA[2022-12-15 19:18:09.886  INFO 69176 --- [    Test worker] o.s.t.c.support.AbstractContextLoader    : Could not detect default resource locations for test class [com.finmid.bank.Transaction.TransactionControllerTest]: no resource found for suffixes {-context.xml, Context.groovy}.
2022-12-15 19:18:09.889  INFO 69176 --- [    Test worker] b.t.a.w.r.WebFluxTestContextBootstrapper : Loaded default TestExecutionListener class names from location [META-INF/spring.factories]: [com.ninjasquad.springmockk.MockkTestExecutionListener, com.ninjasquad.springmockk.ClearMocksTestExecutionListener, org.springframework.boot.test.autoconfigure.restdocs.RestDocsTestExecutionListener, org.springframework.boot.test.autoconfigure.web.client.MockRestServiceServerResetTestExecutionListener, org.springframework.boot.test.autoconfigure.web.servlet.MockMvcPrintOnlyOnFailureTestExecutionListener, org.springframework.boot.test.autoconfigure.web.servlet.WebDriverTestExecutionListener, org.springframework.boot.test.autoconfigure.webservices.client.MockWebServiceServerTestExecutionListener, org.springframework.boot.test.mock.mockito.MockitoTestExecutionListener, org.springframework.boot.test.mock.mockito.ResetMocksTestExecutionListener, org.springframework.test.context.web.ServletTestExecutionListener, org.springframework.test.context.support.DirtiesContextBeforeModesTestExecutionListener, org.springframework.test.context.event.ApplicationEventsTestExecutionListener, org.springframework.test.context.support.DependencyInjectionTestExecutionListener, org.springframework.test.context.support.DirtiesContextTestExecutionListener, org.springframework.test.context.transaction.TransactionalTestExecutionListener, org.springframework.test.context.jdbc.SqlScriptsTestExecutionListener, org.springframework.test.context.event.EventPublishingTestExecutionListener]
2022-12-15 19:18:09.889  INFO 69176 --- [    Test worker] b.t.a.w.r.WebFluxTestContextBootstrapper : Using TestExecutionListeners: [org.springframework.test.context.web.ServletTestExecutionListener@20e73e41, org.springframework.test.context.support.DirtiesContextBeforeModesTestExecutionListener@694dc99b, org.springframework.test.context.event.ApplicationEventsTestExecutionListener@6d71f296, com.ninjasquad.springmockk.MockkTestExecutionListener@4a15d5f5, org.springframework.boot.test.mock.mockito.MockitoTestExecutionListener@5319efc0, org.springframework.boot.test.autoconfigure.SpringBootDependencyInjectionTestExecutionListener@549fe529, org.springframework.test.context.support.DirtiesContextTestExecutionListener@3618486e, org.springframework.test.context.transaction.TransactionalTestExecutionListener@52c68925, org.springframework.test.context.jdbc.SqlScriptsTestExecutionListener@4ebd0b52, org.springframework.test.context.event.EventPublishingTestExecutionListener@65a01901, com.ninjasquad.springmockk.ClearMocksTestExecutionListener@110f66e3, org.springframework.boot.test.autoconfigure.restdocs.RestDocsTestExecutionListener@77e64a46, org.springframework.boot.test.autoconfigure.web.client.MockRestServiceServerResetTestExecutionListener@51a73873, org.springframework.boot.test.autoconfigure.web.servlet.MockMvcPrintOnlyOnFailureTestExecutionListener@342a5b57, org.springframework.boot.test.autoconfigure.web.servlet.WebDriverTestExecutionListener@5e781b4f, org.springframework.boot.test.autoconfigure.webservices.client.MockWebServiceServerTestExecutionListener@1b89debc, org.springframework.boot.test.mock.mockito.ResetMocksTestExecutionListener@7305191e]
]]></system-out>
  <system-err><![CDATA[]]></system-err>
</testsuite>
