<?xml version="1.0" encoding="UTF-8"?>
<testsuite name="com.finmid.bank.Account.AccountControllerTest$UpdateAccount$Success" tests="1" skipped="0" failures="0" errors="0" timestamp="2022-12-15T18:18:09" hostname="Nathanyels-MBP.fritz.box" time="0.007">
  <properties/>
  <testcase name="should return HTTP NO_CONTENT for success update()" classname="com.finmid.bank.Account.AccountControllerTest$UpdateAccount$Success" time="0.007"/>
  <system-out><![CDATA[2022-12-15 19:18:09.627  INFO 69176 --- [    Test worker] o.s.t.c.support.AbstractContextLoader    : Could not detect default resource locations for test class [com.finmid.bank.Account.AccountControllerTest]: no resource found for suffixes {-context.xml, Context.groovy}.
2022-12-15 19:18:09.631  INFO 69176 --- [    Test worker] b.t.a.w.r.WebFluxTestContextBootstrapper : Loaded default TestExecutionListener class names from location [META-INF/spring.factories]: [com.ninjasquad.springmockk.MockkTestExecutionListener, com.ninjasquad.springmockk.ClearMocksTestExecutionListener, org.springframework.boot.test.autoconfigure.restdocs.RestDocsTestExecutionListener, org.springframework.boot.test.autoconfigure.web.client.MockRestServiceServerResetTestExecutionListener, org.springframework.boot.test.autoconfigure.web.servlet.MockMvcPrintOnlyOnFailureTestExecutionListener, org.springframework.boot.test.autoconfigure.web.servlet.WebDriverTestExecutionListener, org.springframework.boot.test.autoconfigure.webservices.client.MockWebServiceServerTestExecutionListener, org.springframework.boot.test.mock.mockito.MockitoTestExecutionListener, org.springframework.boot.test.mock.mockito.ResetMocksTestExecutionListener, org.springframework.test.context.web.ServletTestExecutionListener, org.springframework.test.context.support.DirtiesContextBeforeModesTestExecutionListener, org.springframework.test.context.event.ApplicationEventsTestExecutionListener, org.springframework.test.context.support.DependencyInjectionTestExecutionListener, org.springframework.test.context.support.DirtiesContextTestExecutionListener, org.springframework.test.context.transaction.TransactionalTestExecutionListener, org.springframework.test.context.jdbc.SqlScriptsTestExecutionListener, org.springframework.test.context.event.EventPublishingTestExecutionListener]
2022-12-15 19:18:09.631  INFO 69176 --- [    Test worker] b.t.a.w.r.WebFluxTestContextBootstrapper : Using TestExecutionListeners: [org.springframework.test.context.web.ServletTestExecutionListener@7a78d2aa, org.springframework.test.context.support.DirtiesContextBeforeModesTestExecutionListener@254d8ef6, org.springframework.test.context.event.ApplicationEventsTestExecutionListener@2a9e7b4d, com.ninjasquad.springmockk.MockkTestExecutionListener@72406594, org.springframework.boot.test.mock.mockito.MockitoTestExecutionListener@4e1104f4, org.springframework.boot.test.autoconfigure.SpringBootDependencyInjectionTestExecutionListener@76219fe, org.springframework.test.context.support.DirtiesContextTestExecutionListener@5eff5e4c, org.springframework.test.context.transaction.TransactionalTestExecutionListener@2fe2fcc2, org.springframework.test.context.jdbc.SqlScriptsTestExecutionListener@69926b6e, org.springframework.test.context.event.EventPublishingTestExecutionListener@7ea8224b, com.ninjasquad.springmockk.ClearMocksTestExecutionListener@5a010eec, org.springframework.boot.test.autoconfigure.restdocs.RestDocsTestExecutionListener@623ded82, org.springframework.boot.test.autoconfigure.web.client.MockRestServiceServerResetTestExecutionListener@180e33b0, org.springframework.boot.test.autoconfigure.web.servlet.MockMvcPrintOnlyOnFailureTestExecutionListener@270be080, org.springframework.boot.test.autoconfigure.web.servlet.WebDriverTestExecutionListener@752ffce3, org.springframework.boot.test.autoconfigure.webservices.client.MockWebServiceServerTestExecutionListener@78f35e39, org.springframework.boot.test.mock.mockito.ResetMocksTestExecutionListener@11896124]
]]></system-out>
  <system-err><![CDATA[]]></system-err>
</testsuite>
