<?xml version="1.0" encoding="UTF-8"?>
<testsuite name="com.finmid.bank.Transaction.TransactionControllerTest$TransferSucceeds" tests="1" skipped="0" failures="0" errors="0" timestamp="2022-12-15T18:18:09" hostname="Nathanyels-MBP.fritz.box" time="0.011">
  <properties/>
  <testcase name="should return HTTP Status ok for succeed transfers()" classname="com.finmid.bank.Transaction.TransactionControllerTest$TransferSucceeds" time="0.011"/>
  <system-out><![CDATA[2022-12-15 19:18:09.704  INFO 69176 --- [    Test worker] o.s.t.c.support.AbstractContextLoader    : Could not detect default resource locations for test class [com.finmid.bank.Transaction.TransactionControllerTest]: no resource found for suffixes {-context.xml, Context.groovy}.
2022-12-15 19:18:09.707  INFO 69176 --- [    Test worker] b.t.a.w.r.WebFluxTestContextBootstrapper : Loaded default TestExecutionListener class names from location [META-INF/spring.factories]: [com.ninjasquad.springmockk.MockkTestExecutionListener, com.ninjasquad.springmockk.ClearMocksTestExecutionListener, org.springframework.boot.test.autoconfigure.restdocs.RestDocsTestExecutionListener, org.springframework.boot.test.autoconfigure.web.client.MockRestServiceServerResetTestExecutionListener, org.springframework.boot.test.autoconfigure.web.servlet.MockMvcPrintOnlyOnFailureTestExecutionListener, org.springframework.boot.test.autoconfigure.web.servlet.WebDriverTestExecutionListener, org.springframework.boot.test.autoconfigure.webservices.client.MockWebServiceServerTestExecutionListener, org.springframework.boot.test.mock.mockito.MockitoTestExecutionListener, org.springframework.boot.test.mock.mockito.ResetMocksTestExecutionListener, org.springframework.test.context.web.ServletTestExecutionListener, org.springframework.test.context.support.DirtiesContextBeforeModesTestExecutionListener, org.springframework.test.context.event.ApplicationEventsTestExecutionListener, org.springframework.test.context.support.DependencyInjectionTestExecutionListener, org.springframework.test.context.support.DirtiesContextTestExecutionListener, org.springframework.test.context.transaction.TransactionalTestExecutionListener, org.springframework.test.context.jdbc.SqlScriptsTestExecutionListener, org.springframework.test.context.event.EventPublishingTestExecutionListener]
2022-12-15 19:18:09.707  INFO 69176 --- [    Test worker] b.t.a.w.r.WebFluxTestContextBootstrapper : Using TestExecutionListeners: [org.springframework.test.context.web.ServletTestExecutionListener@795949fb, org.springframework.test.context.support.DirtiesContextBeforeModesTestExecutionListener@2aeb3f3b, org.springframework.test.context.event.ApplicationEventsTestExecutionListener@281028ce, com.ninjasquad.springmockk.MockkTestExecutionListener@46ef7340, org.springframework.boot.test.mock.mockito.MockitoTestExecutionListener@75caecf7, org.springframework.boot.test.autoconfigure.SpringBootDependencyInjectionTestExecutionListener@62b0792, org.springframework.test.context.support.DirtiesContextTestExecutionListener@2fd409c1, org.springframework.test.context.transaction.TransactionalTestExecutionListener@121c1a08, org.springframework.test.context.jdbc.SqlScriptsTestExecutionListener@3013e1e8, org.springframework.test.context.event.EventPublishingTestExecutionListener@6e5a77ef, com.ninjasquad.springmockk.ClearMocksTestExecutionListener@61cff1e4, org.springframework.boot.test.autoconfigure.restdocs.RestDocsTestExecutionListener@13f17b8f, org.springframework.boot.test.autoconfigure.web.client.MockRestServiceServerResetTestExecutionListener@3cc2c4b8, org.springframework.boot.test.autoconfigure.web.servlet.MockMvcPrintOnlyOnFailureTestExecutionListener@11a29c0, org.springframework.boot.test.autoconfigure.web.servlet.WebDriverTestExecutionListener@1fc4b8d6, org.springframework.boot.test.autoconfigure.webservices.client.MockWebServiceServerTestExecutionListener@77185a2, org.springframework.boot.test.mock.mockito.ResetMocksTestExecutionListener@2dbc66f0]

  .   ____          _            __ _ _
 /\\ / ___'_ __ _ _(_)_ __  __ _ \ \ \ \
( ( )\___ | '_ | '_| | '_ \/ _` | \ \ \ \
 \\/  ___)| |_)| | | | | || (_| |  ) ) ) )
  '  |____| .__|_| |_|_| |_\__, | / / / /
 =========|_|==============|___/=/_/_/_/
 :: Spring Boot ::                (v2.7.0)

2022-12-15 19:18:09.722  INFO 69176 --- [    Test worker] c.f.b.T.TransactionControllerTest        : Starting TransactionControllerTest using Java 17.0.3 on Nathanyels-MBP.fritz.box with PID 69176 (started by nathanyelnathan in /Users/nathanyelnathan/Desktop/bank-coding-challenge)
2022-12-15 19:18:09.722  INFO 69176 --- [    Test worker] c.f.b.T.TransactionControllerTest        : No active profile set, falling back to 1 default profile: "default"
2022-12-15 19:18:09.868  INFO 69176 --- [    Test worker] c.f.b.T.TransactionControllerTest        : Started TransactionControllerTest in 0.158 seconds (JVM running for 2.948)
]]></system-out>
  <system-err><![CDATA[]]></system-err>
</testsuite>
