<?xml version="1.0" encoding="UTF-8"?>
<testsuite name="com.finmid.bank.Account.AccountControllerTest$GetAccount" tests="0" skipped="0" failures="0" errors="0" timestamp="1970-01-01T00:00:00" hostname="Nathanyels-MBP.fritz.box" time="0.0">
  <properties/>
  <system-out><![CDATA[2022-12-15 19:18:09.551  INFO 69176 --- [    Test worker] o.s.t.c.support.AbstractContextLoader    : Could not detect default resource locations for test class [com.finmid.bank.Account.AccountControllerTest]: no resource found for suffixes {-context.xml, Context.groovy}.
2022-12-15 19:18:09.556  INFO 69176 --- [    Test worker] b.t.a.w.r.WebFluxTestContextBootstrapper : Loaded default TestExecutionListener class names from location [META-INF/spring.factories]: [com.ninjasquad.springmockk.MockkTestExecutionListener, com.ninjasquad.springmockk.ClearMocksTestExecutionListener, org.springframework.boot.test.autoconfigure.restdocs.RestDocsTestExecutionListener, org.springframework.boot.test.autoconfigure.web.client.MockRestServiceServerResetTestExecutionListener, org.springframework.boot.test.autoconfigure.web.servlet.MockMvcPrintOnlyOnFailureTestExecutionListener, org.springframework.boot.test.autoconfigure.web.servlet.WebDriverTestExecutionListener, org.springframework.boot.test.autoconfigure.webservices.client.MockWebServiceServerTestExecutionListener, org.springframework.boot.test.mock.mockito.MockitoTestExecutionListener, org.springframework.boot.test.mock.mockito.ResetMocksTestExecutionListener, org.springframework.test.context.web.ServletTestExecutionListener, org.springframework.test.context.support.DirtiesContextBeforeModesTestExecutionListener, org.springframework.test.context.event.ApplicationEventsTestExecutionListener, org.springframework.test.context.support.DependencyInjectionTestExecutionListener, org.springframework.test.context.support.DirtiesContextTestExecutionListener, org.springframework.test.context.transaction.TransactionalTestExecutionListener, org.springframework.test.context.jdbc.SqlScriptsTestExecutionListener, org.springframework.test.context.event.EventPublishingTestExecutionListener]
2022-12-15 19:18:09.556  INFO 69176 --- [    Test worker] b.t.a.w.r.WebFluxTestContextBootstrapper : Using TestExecutionListeners: [org.springframework.test.context.web.ServletTestExecutionListener@6e337ba1, org.springframework.test.context.support.DirtiesContextBeforeModesTestExecutionListener@53a16dd6, org.springframework.test.context.event.ApplicationEventsTestExecutionListener@126d8659, com.ninjasquad.springmockk.MockkTestExecutionListener@28654aff, org.springframework.boot.test.mock.mockito.MockitoTestExecutionListener@5dfec221, org.springframework.boot.test.autoconfigure.SpringBootDependencyInjectionTestExecutionListener@5e9cb95, org.springframework.test.context.support.DirtiesContextTestExecutionListener@7bc8da3f, org.springframework.test.context.transaction.TransactionalTestExecutionListener@7978550b, org.springframework.test.context.jdbc.SqlScriptsTestExecutionListener@52bc6fcf, org.springframework.test.context.event.EventPublishingTestExecutionListener@1942a36e, com.ninjasquad.springmockk.ClearMocksTestExecutionListener@24668b5b, org.springframework.boot.test.autoconfigure.restdocs.RestDocsTestExecutionListener@1f8d42d1, org.springframework.boot.test.autoconfigure.web.client.MockRestServiceServerResetTestExecutionListener@2e7e84f8, org.springframework.boot.test.autoconfigure.web.servlet.MockMvcPrintOnlyOnFailureTestExecutionListener@22ab1b8a, org.springframework.boot.test.autoconfigure.web.servlet.WebDriverTestExecutionListener@320770d7, org.springframework.boot.test.autoconfigure.webservices.client.MockWebServiceServerTestExecutionListener@4769378c, org.springframework.boot.test.mock.mockito.ResetMocksTestExecutionListener@1d6a22dd]
]]></system-out>
  <system-err><![CDATA[]]></system-err>
</testsuite>
