<?xml version="1.0" encoding="UTF-8"?>
<testsuite name="com.finmid.bank.Account.AccountControllerTest$GetAccount$Success" tests="1" skipped="0" failures="0" errors="0" timestamp="2022-12-15T18:18:09" hostname="Nathanyels-MBP.fritz.box" time="0.039">
  <properties/>
  <testcase name="should return HTTP OK Status and return the account data()" classname="com.finmid.bank.Account.AccountControllerTest$GetAccount$Success" time="0.039"/>
  <system-out><![CDATA[2022-12-15 19:18:09.558  INFO 69176 --- [    Test worker] o.s.t.c.support.AbstractContextLoader    : Could not detect default resource locations for test class [com.finmid.bank.Account.AccountControllerTest]: no resource found for suffixes {-context.xml, Context.groovy}.
2022-12-15 19:18:09.565  INFO 69176 --- [    Test worker] b.t.a.w.r.WebFluxTestContextBootstrapper : Loaded default TestExecutionListener class names from location [META-INF/spring.factories]: [com.ninjasquad.springmockk.MockkTestExecutionListener, com.ninjasquad.springmockk.ClearMocksTestExecutionListener, org.springframework.boot.test.autoconfigure.restdocs.RestDocsTestExecutionListener, org.springframework.boot.test.autoconfigure.web.client.MockRestServiceServerResetTestExecutionListener, org.springframework.boot.test.autoconfigure.web.servlet.MockMvcPrintOnlyOnFailureTestExecutionListener, org.springframework.boot.test.autoconfigure.web.servlet.WebDriverTestExecutionListener, org.springframework.boot.test.autoconfigure.webservices.client.MockWebServiceServerTestExecutionListener, org.springframework.boot.test.mock.mockito.MockitoTestExecutionListener, org.springframework.boot.test.mock.mockito.ResetMocksTestExecutionListener, org.springframework.test.context.web.ServletTestExecutionListener, org.springframework.test.context.support.DirtiesContextBeforeModesTestExecutionListener, org.springframework.test.context.event.ApplicationEventsTestExecutionListener, org.springframework.test.context.support.DependencyInjectionTestExecutionListener, org.springframework.test.context.support.DirtiesContextTestExecutionListener, org.springframework.test.context.transaction.TransactionalTestExecutionListener, org.springframework.test.context.jdbc.SqlScriptsTestExecutionListener, org.springframework.test.context.event.EventPublishingTestExecutionListener]
2022-12-15 19:18:09.566  INFO 69176 --- [    Test worker] b.t.a.w.r.WebFluxTestContextBootstrapper : Using TestExecutionListeners: [org.springframework.test.context.web.ServletTestExecutionListener@434b2e0c, org.springframework.test.context.support.DirtiesContextBeforeModesTestExecutionListener@214e3185, org.springframework.test.context.event.ApplicationEventsTestExecutionListener@75345e47, com.ninjasquad.springmockk.MockkTestExecutionListener@36f40d72, org.springframework.boot.test.mock.mockito.MockitoTestExecutionListener@2c557eee, org.springframework.boot.test.autoconfigure.SpringBootDependencyInjectionTestExecutionListener@7c47b0f8, org.springframework.test.context.support.DirtiesContextTestExecutionListener@2b561f51, org.springframework.test.context.transaction.TransactionalTestExecutionListener@3d5f08d4, org.springframework.test.context.jdbc.SqlScriptsTestExecutionListener@3afaa39f, org.springframework.test.context.event.EventPublishingTestExecutionListener@7b7b1448, com.ninjasquad.springmockk.ClearMocksTestExecutionListener@60cc20e1, org.springframework.boot.test.autoconfigure.restdocs.RestDocsTestExecutionListener@25109d84, org.springframework.boot.test.autoconfigure.web.client.MockRestServiceServerResetTestExecutionListener@4a1934e2, org.springframework.boot.test.autoconfigure.web.servlet.MockMvcPrintOnlyOnFailureTestExecutionListener@6963b0bd, org.springframework.boot.test.autoconfigure.web.servlet.WebDriverTestExecutionListener@68a94e58, org.springframework.boot.test.autoconfigure.webservices.client.MockWebServiceServerTestExecutionListener@49741274, org.springframework.boot.test.mock.mockito.ResetMocksTestExecutionListener@4a49919c]
]]></system-out>
  <system-err><![CDATA[]]></system-err>
</testsuite>
