<?xml version="1.0" encoding="UTF-8"?>
<testsuite name="com.finmid.bank.Account.AccountControllerTest$GetAccount$Exception" tests="1" skipped="0" failures="0" errors="0" timestamp="2022-12-15T18:18:09" hostname="Nathanyels-MBP.fritz.box" time="0.002">
  <properties/>
  <testcase name="should return not found when account not exist()" classname="com.finmid.bank.Account.AccountControllerTest$GetAccount$Exception" time="0.002"/>
  <system-out><![CDATA[2022-12-15 19:18:09.611  INFO 69176 --- [    Test worker] o.s.t.c.support.AbstractContextLoader    : Could not detect default resource locations for test class [com.finmid.bank.Account.AccountControllerTest]: no resource found for suffixes {-context.xml, Context.groovy}.
2022-12-15 19:18:09.614  INFO 69176 --- [    Test worker] b.t.a.w.r.WebFluxTestContextBootstrapper : Loaded default TestExecutionListener class names from location [META-INF/spring.factories]: [com.ninjasquad.springmockk.MockkTestExecutionListener, com.ninjasquad.springmockk.ClearMocksTestExecutionListener, org.springframework.boot.test.autoconfigure.restdocs.RestDocsTestExecutionListener, org.springframework.boot.test.autoconfigure.web.client.MockRestServiceServerResetTestExecutionListener, org.springframework.boot.test.autoconfigure.web.servlet.MockMvcPrintOnlyOnFailureTestExecutionListener, org.springframework.boot.test.autoconfigure.web.servlet.WebDriverTestExecutionListener, org.springframework.boot.test.autoconfigure.webservices.client.MockWebServiceServerTestExecutionListener, org.springframework.boot.test.mock.mockito.MockitoTestExecutionListener, org.springframework.boot.test.mock.mockito.ResetMocksTestExecutionListener, org.springframework.test.context.web.ServletTestExecutionListener, org.springframework.test.context.support.DirtiesContextBeforeModesTestExecutionListener, org.springframework.test.context.event.ApplicationEventsTestExecutionListener, org.springframework.test.context.support.DependencyInjectionTestExecutionListener, org.springframework.test.context.support.DirtiesContextTestExecutionListener, org.springframework.test.context.transaction.TransactionalTestExecutionListener, org.springframework.test.context.jdbc.SqlScriptsTestExecutionListener, org.springframework.test.context.event.EventPublishingTestExecutionListener]
2022-12-15 19:18:09.614  INFO 69176 --- [    Test worker] b.t.a.w.r.WebFluxTestContextBootstrapper : Using TestExecutionListeners: [org.springframework.test.context.web.ServletTestExecutionListener@113a6636, org.springframework.test.context.support.DirtiesContextBeforeModesTestExecutionListener@63062eea, org.springframework.test.context.event.ApplicationEventsTestExecutionListener@7bad18f5, com.ninjasquad.springmockk.MockkTestExecutionListener@4407fea2, org.springframework.boot.test.mock.mockito.MockitoTestExecutionListener@64e3bc2, org.springframework.boot.test.autoconfigure.SpringBootDependencyInjectionTestExecutionListener@54ed249f, org.springframework.test.context.support.DirtiesContextTestExecutionListener@4714f447, org.springframework.test.context.transaction.TransactionalTestExecutionListener@3c1df0e9, org.springframework.test.context.jdbc.SqlScriptsTestExecutionListener@4b7a4c83, org.springframework.test.context.event.EventPublishingTestExecutionListener@768e40af, com.ninjasquad.springmockk.ClearMocksTestExecutionListener@165824f5, org.springframework.boot.test.autoconfigure.restdocs.RestDocsTestExecutionListener@4511146f, org.springframework.boot.test.autoconfigure.web.client.MockRestServiceServerResetTestExecutionListener@5c16561a, org.springframework.boot.test.autoconfigure.web.servlet.MockMvcPrintOnlyOnFailureTestExecutionListener@5819ee0f, org.springframework.boot.test.autoconfigure.web.servlet.WebDriverTestExecutionListener@f310675, org.springframework.boot.test.autoconfigure.webservices.client.MockWebServiceServerTestExecutionListener@424ec990, org.springframework.boot.test.mock.mockito.ResetMocksTestExecutionListener@2c06e145]
]]></system-out>
  <system-err><![CDATA[]]></system-err>
</testsuite>
